g:\university\semester e\graphics\assignment2\rubikscube 2.0\engine\debug\engine.pdb
g:\university\semester e\graphics\assignment2\rubikscube 2.0\engine\debug\engine.idb
g:\university\semester e\graphics\assignment2\rubikscube 2.0\engine\debug\mesh.obj
g:\university\semester e\graphics\assignment2\rubikscube 2.0\engine\debug\obj_loader.obj
g:\university\semester e\graphics\assignment2\rubikscube 2.0\engine\debug\shader.obj
g:\university\semester e\graphics\assignment2\rubikscube 2.0\engine\debug\stb_image.obj
g:\university\semester e\graphics\assignment2\rubikscube 2.1\engine\debug\engine.pdb
g:\university\semester e\graphics\assignment2\rubikscube 2.1\engine\debug\engine.idb
g:\university\semester e\graphics\assignment2\rubikscube 2.1\engine\debug\mesh.obj
g:\university\semester e\graphics\assignment2\rubikscube 2.1\engine\debug\obj_loader.obj
g:\university\semester e\graphics\assignment2\rubikscube 2.1\engine\debug\shader.obj
g:\university\semester e\graphics\assignment2\rubikscube 2.1\engine\debug\stb_image.obj
g:\university\semester e\graphics\assignment2\rubikscube 2.0\debug\engine.lib
g:\university\semester e\graphics\assignment2\rubikscube 2.1\debug\engine.lib
g:\university\semester e\graphics\assignment2\rubikscube 2.1\debug\engine.pdb
g:\university\semester e\graphics\assignment2\rubikscube 2.1\engine\debug\engine.tlog\cl.command.1.tlog
g:\university\semester e\graphics\assignment2\rubikscube 2.1\engine\debug\engine.tlog\cl.read.1.tlog
g:\university\semester e\graphics\assignment2\rubikscube 2.1\engine\debug\engine.tlog\cl.write.1.tlog
g:\university\semester e\graphics\assignment2\rubikscube 2.1\engine\debug\engine.tlog\lib-link.read.1.tlog
g:\university\semester e\graphics\assignment2\rubikscube 2.1\engine\debug\engine.tlog\lib-link.write.1.tlog
g:\university\semester e\graphics\assignment2\rubikscube 2.1\engine\debug\engine.tlog\lib.command.1.tlog
