g:\university\semester e\graphics\assignment2\rubikscube 2.0\forclass3d\debug\vc140.pdb
g:\university\semester e\graphics\assignment2\rubikscube 2.0\forclass3d\debug\vc140.idb
g:\university\semester e\graphics\assignment2\rubikscube 2.0\forclass3d\debug\display.obj
g:\university\semester e\graphics\assignment2\rubikscube 2.0\forclass3d\debug\main.obj
g:\university\semester e\graphics\assignment2\rubikscube 2.1\forclass3d\debug\vc140.pdb
g:\university\semester e\graphics\assignment2\rubikscube 2.1\forclass3d\debug\vc140.idb
g:\university\semester e\graphics\assignment2\rubikscube 2.1\forclass3d\debug\display.obj
g:\university\semester e\graphics\assignment2\rubikscube 2.1\forclass3d\debug\main.obj
g:\university\semester e\graphics\assignment2\rubikscube 2.0\debug\forclass3d.ilk
g:\university\semester e\graphics\assignment2\rubikscube 2.0\debug\forclass3d.exe
g:\university\semester e\graphics\assignment2\rubikscube 2.0\debug\forclass3d.pdb
g:\university\semester e\graphics\assignment2\rubikscube 2.1\debug\forclass3d.ilk
g:\university\semester e\graphics\assignment2\rubikscube 2.1\debug\forclass3d.exe
g:\university\semester e\graphics\assignment2\rubikscube 2.1\debug\forclass3d.pdb
g:\university\semester e\graphics\assignment2\rubikscube 2.1\forclass3d\debug\forclass3d.vcxprojresolveassemblyreference.cache
g:\university\semester e\graphics\assignment2\rubikscube 2.1\forclass3d\debug\forclass3d.tlog\cl.command.1.tlog
g:\university\semester e\graphics\assignment2\rubikscube 2.1\forclass3d\debug\forclass3d.tlog\cl.read.1.tlog
g:\university\semester e\graphics\assignment2\rubikscube 2.1\forclass3d\debug\forclass3d.tlog\cl.write.1.tlog
g:\university\semester e\graphics\assignment2\rubikscube 2.1\forclass3d\debug\forclass3d.tlog\link.command.1.tlog
g:\university\semester e\graphics\assignment2\rubikscube 2.1\forclass3d\debug\forclass3d.tlog\link.read.1.tlog
g:\university\semester e\graphics\assignment2\rubikscube 2.1\forclass3d\debug\forclass3d.tlog\link.write.1.tlog
